CommandLineTest	305
JUnit38ClassRunner	92
ComparisonCompactor	8
TestRunListener	22
ResultPrinter	25
StringableObject	263
NoGenericTypeParametersValidator	157
PrintableResultTest	238
TestListenerTest	287
ExpectedExceptionRuleTest	242
AssertionFailedError	7
WithExtendedParameterSources	272
Describable	127
Statement	160
WithDataPointMethod	271
TestedOn	60
JUnitCore	129
Sorter	138
ParentRunner	150
package-info	294
NoTestCases	190
MethodValidator	95
Assert	30
RuleFieldValidator	103
ClassRequestTest	277
Theory	56
ExternalResourceRuleTest	243
FilterRequest	85
SuiteTest	302
JUnit38ClassRunnerTest	281
ListTest	211
ActiveTestSuite	1
RunWithTest	301
Failure	185
JUnit4ClassRunner	93
VerifierRuleTest	254
ClassRulesTest	241
RepeatedTestTest	177
SortableTest	293
EnclosedTest	296
BothTest	220
JUnit3Builder	74
EachTest	221
ParametersSuppliedBy	53
InitializationErrorForwardCompatibilityTest	280
JUnit4Builder	75
NoTestCaseClass	189
RuleChain	117
TestMethodTest	312
Protectable	13
TypeSafeMatcher	83
FailedBefore	90
WithOnlyTestAnnotations	273
ParallelMethodTest	237
JUnitCoreReturnsCorrectExitCodeTest	306
InexactComparisonCriteria	66
Stub	264
TestResult	18
BaseTestRunnerTest	204
JunitDependencyTest	0
SortingRequest	86
ForwardCompatibilityTest	279
FilterTest	290
TestWatchman	123
RuleChainTest	247
ExtensionTest	176
DataPoint	49
MoneyBag	168
ListenerTest	285
ParameterizedAssertionError	59
JUnit4TestAdapter	10
NoArgTestCaseTest	188
Before	32
TheoriesPerformanceTest	268
AnnotatedBuilder	71
Sub	318
BaseTestRunner	21
Filterable	135
AssumptionViolatedException	63
StringContains	81
TestImplementorTest	198
OldTestClassAdaptingListenerTest	282
TestWatcher	122
Test	38
IgnoreClassTest	297
Version	23
MultipleFailureException	156
Suite	151
Sortable	137
ActiveTestTest	174
CouldNotReadCoreException	42
RunWith	132
AssertionTest	219
SuiteDescriptionTest	225
ExpectException	104
ResultTest	205
StoppedByUserException	143
ReflectiveCallable	101
RealSystem	68
ParameterSupplier	52
AllDefaultPossibilitiesBuilder	70
ParameterSignature	51
ComparisonFailure	35
StubbedTheoriesTest	266
AnnotatedDescriptionTest	224
Request	130
Categories	40
ExpectedTest	309
TimeoutTest	313
OverrideTestCase	194
ExternalResource	115
ResultMatchers	47
ErrorCollector	113
UseSuiteAsASuperclassTest	304
Parameterized	149
Theories	55
Ignore	36
TestFailure	16
MethodRoadie	94
BeforeClass	33
ComparisonCompactorTest	182
Each	79
UserStopTest	289
InheritedTestTest	310
InitializationError	155
IMoney	166
TestedOnSupplier	61
ClassRoadie	88
SuiteMethod	96
TestMethod	98
TestRule	121
AllTests	216
TextRunnerSingleMethodTest	208
TestWatcherTest	251
FrameworkMethod	154
ParentRunnerTest	300
ThreeTestCases	200
Super	319
Computer	126
Result	131
MethodRulesTest	245
Fail	105
SimpleTest	212
TestListener	17
AssertTest	180
JUnit4TestAdapterCache	11
Category	41
PrintableResult	46
ComparisonFailureTest	183
AfterClass	29
FrameworkMember	153
JUnitSystem	67
ComparisonCriteria	64
CategoriesAndParameterizedTest	231
TestClass	161
TextFeedbackTest	207
Verifier	125
ValidationTest	317
JUnitMatchers	110
FailOnTimeout	106
WithUnresolvedGenericTypeVariablesOnTheoryParms	274
NoTestsRemainException	136
TempFolderRuleTest	249
NotVoidTestCase	192
ObjectContractTest	217
MaxHistory	44
TextRunnerTest	209
AssertionFailedErrorTest	181
TestSetup	4
MoneyTest	213
BlockJUnit4ClassRunnerTest	295
BlockJUnit4ClassRunner	147
AllMembersSupplier	57
SubstringMatcher	82
RuleFieldValidatorTest	248
JUnit4ClassRunnerTest	223
MaxStarterTest	235
ExpectedException	114
OldTests	283
TextListenerTest	288
RunNotifier	142
FloatAssertTest	186
Success	195
Assume	31
CombinableMatcher	78
RunnerBuilder	158
BlockJUnit4ClassRunnerOverrideTest	240
AssumptionTest	227
RepeatedTest	2
Filter	134
Assignments	58
TestRuleTest	250
DoublePrecisionAssertTest	184
Timeout	124
SingleMethodTest	292
JUnit4	148
ClassRule	34
FailOnTimeoutTest	275
EachTestNotifier	99
Guesser	259
RunAfters	108
FilterableTest	291
JUnit38SortingTest	234
UnsuccessfulWithDataPointFields	269
CategoryTest	232
ParallelComputer	39
RunBefores	109
SystemExitTest	307
TemporaryFolder	119
TestRunner	26
FailureList	45
ParameterizedAssertionErrorTest	257
NameRulesTest	246
BadlyFormedClassesTest	314
InvokeMethod	107
TestCaseTest	197
Money	167
OneTestCase	193
ParameterizedTestMethodTest	311
AssumptionViolatedExceptionTest	228
MatcherTest	230
PotentialAssignment	54
TestName	120
ForwardCompatibilityPrintingTest	278
RunListener	141
InaccessibleBaseClassTest	316
ParentRunnerFilteringTest	299
DataPoints	50
LoggingTestWatcher	244
TestDecorator	3
TestSuite	19
StubbedTheories	265
Description	128
MethodRule	116
After	28
WhenNoParametersMatch	270
JUnit4TestCaseFacade	12
TestCase	15
StackFilterTest	206
NullBuilder	76
ParallelClassTest	236
ParameterSignatureTest	256
IgnoredBuilder	72
IsCollectionContaining	80
Correspondent	258
ArrayComparisonFailure	62
ParameterizedTestTest	298
TestDescriptionTest	226
SuiteMethodTest	284
GuesserQueue	260
MaxCore	43
ExactComparisonCriteria	65
InheritedTestCase	187
Rule	37
IgnoredClassRunner	73
RunRules	118
SuiteMethodBuilder	77
MethodCall	261
TestClassTest	303
ClassRequest	84
WasRun	173
TimeoutRuleTest	253
AnnotationTest	308
AllMembersSupplierTest	255
ResultMatchersTest	239
TestSystem	218
FailedConstructionTest	315
TextListener	69
Runner	133
AllTestsTest	276
TestWatchmanTest	252
ExperimentalTests	229
RunnerScheduler	159
ReguessableValue	262
MultipleFailureExceptionTest	222
FrameworkField	152
DescriptionTest	233
Enclosed	48
RunnerTest	286
NotPublicTestCase	191
ErrorReportingRunner	89
SuccessfulWithDataPointFields	267
